Starting build and up...
 Image informecliente-web Building 
 Image informecliente-frontend Building 
#1 [internal] load local bake definitions
#1 reading from stdin 959B done
#1 DONE 0.0s

#2 [web internal] load build definition from Dockerfile
#2 transferring dockerfile: 1.47kB 0.0s done
#2 DONE 0.0s

#3 [frontend internal] load build definition from Dockerfile
#3 transferring dockerfile: 514B 0.0s done
#3 WARN: FromAsCasing: 'as' and 'FROM' keywords' casing do not match (line 2)
#3 WARN: FromAsCasing: 'as' and 'FROM' keywords' casing do not match (line 10)
#3 DONE 0.1s

#4 [frontend internal] load metadata for docker.io/library/node:20-alpine
#4 DONE 0.3s

#5 [frontend internal] load metadata for docker.io/library/nginx:stable-alpine
#5 DONE 0.3s

#6 [web internal] load metadata for docker.io/library/debian:bookworm-slim
#6 DONE 0.4s

#7 [web internal] load metadata for docker.io/library/ubuntu:24.04
#7 DONE 0.4s

#8 [web internal] load .dockerignore
#8 transferring context: 2B 0.0s done
#8 DONE 0.0s

#9 [web internal] load build context
#9 DONE 0.0s

#10 [web builder 1/5] FROM docker.io/library/ubuntu:24.04@sha256:186072bba1b2f436cbb91ef2567abca677337cfc786c86e107d25b7072feef0c
#10 resolve docker.io/library/ubuntu:24.04@sha256:186072bba1b2f436cbb91ef2567abca677337cfc786c86e107d25b7072feef0c 0.0s done
#10 DONE 0.0s

#11 [web runtime 1/8] FROM docker.io/library/debian:bookworm-slim@sha256:f06537653ac770703bc45b4b113475bd402f451e85223f0f2837acbf89ab020a
#11 resolve docker.io/library/debian:bookworm-slim@sha256:f06537653ac770703bc45b4b113475bd402f451e85223f0f2837acbf89ab020a 0.0s done
#11 DONE 0.0s

#12 [frontend internal] load .dockerignore
#12 transferring context: 2B 0.1s done
#12 DONE 0.1s

#13 [frontend production-stage 1/3] FROM docker.io/library/nginx:stable-alpine@sha256:a8b39bd9cf0f83869a2162827a0caf6137ddf759d50a171451b335cecc87d236
#13 resolve docker.io/library/nginx:stable-alpine@sha256:a8b39bd9cf0f83869a2162827a0caf6137ddf759d50a171451b335cecc87d236 0.0s done
#13 DONE 0.0s

#14 [frontend build-stage 1/6] FROM docker.io/library/node:20-alpine@sha256:f598378b5240225e6beab68fa9f356db1fb8efe55173e6d4d8153113bb8f333c
#14 resolve docker.io/library/node:20-alpine@sha256:f598378b5240225e6beab68fa9f356db1fb8efe55173e6d4d8153113bb8f333c 0.0s done
#14 DONE 0.0s

#9 [web internal] load build context
#9 transferring context: 361B 0.1s done
#9 DONE 0.1s

#15 [web runtime 7/8] RUN mkdir -p /data
#15 CACHED

#16 [web builder 5/5] RUN cmake -S . -B build -DCMAKE_BUILD_TYPE=Release     && cmake --build build --config Release -j$(nproc)     && find build -type f -executable -exec strip --strip-all {} + || true
#16 CACHED

#17 [web runtime 4/8] COPY --from=builder /app/build /app/build
#17 CACHED

#18 [web builder 4/5] COPY . /app
#18 CACHED

#19 [web runtime 3/8] WORKDIR /app
#19 CACHED

#20 [web runtime 5/8] COPY --from=builder /app/entrypoint.sh /app/entrypoint.sh
#20 CACHED

#21 [web builder 3/5] WORKDIR /app
#21 CACHED

#22 [web runtime 2/8] RUN apt-get update && apt-get install -y --no-install-recommends     ca-certificates     wget     libstdc++6     libgcc-s1     libgomp1     libgstreamer1.0-0     libgstreamer-plugins-base1.0-0     libpq5     && rm -rf /var/lib/apt/lists/*
#22 CACHED

#23 [web runtime 6/8] RUN chmod +x /app/entrypoint.sh
#23 CACHED

#24 [web builder 2/5] RUN apt-get update && apt-get install -y --no-install-recommends     build-essential     cmake     pkg-config     libboost-all-dev     libopencv-dev     libpq-dev     gdal-bin     ca-certificates     bash     python3     python3-opencv     python3-numpy     binutils     && rm -rf /var/lib/apt/lists/*
#24 CACHED

#25 [web runtime 8/8] RUN mkdir -p /opt/dermalog || true
#25 CACHED

#26 [web] exporting to image
#26 exporting layers done
#26 exporting manifest sha256:3e0adb19600f271c81c70cc4bebc4cc30341054672a5defa724c701b2997c14e done
#26 exporting config sha256:7f7de6e77328a07b5c982037cc0458081591c315fc8330895c3dd156534294a0 done
#26 exporting attestation manifest sha256:97bb40d6c3273fc467db25e8225adae0d109ff0bf565e8338f98e8688e4b3429 0.0s done
#26 exporting manifest list sha256:2ca538653ef401d1ba8bd35edd62d4e07932bb08dab008181ceb544e3628df83
#26 exporting manifest list sha256:2ca538653ef401d1ba8bd35edd62d4e07932bb08dab008181ceb544e3628df83 0.0s done
#26 naming to docker.io/library/informecliente-web:latest done
#26 unpacking to docker.io/library/informecliente-web:latest 0.0s done
#26 DONE 0.1s

#27 [frontend internal] load build context
#27 ...

#28 [web] resolving provenance for metadata file
#28 DONE 0.0s

#27 [frontend internal] load build context
#27 transferring context: 273.44MB 5.1s
#27 transferring context: 327.24MB 10.1s
#27 transferring context: 348.99MB 15.2s
#27 transferring context: 355.06MB 20.2s
#27 transferring context: 359.09MB 25.2s
#27 transferring context: 367.69MB 30.2s
#27 transferring context: 423.99MB 35.3s
#27 transferring context: 430.91MB 40.3s
#27 transferring context: 436.90MB 45.4s
#27 transferring context: 467.30MB 50.5s
#27 transferring context: 481.89MB 55.6s
#27 transferring context: 486.15MB 60.7s
#27 transferring context: 544.78MB 65.7s
#27 transferring context: 651.94MB 70.7s
#27 transferring context: 663.49MB 75.8s
#27 transferring context: 702.05MB 80.8s
#27 transferring context: 724.92MB 86.0s
#27 transferring context: 754.76MB 91.0s
#27 transferring context: 767.48MB 96.0s
#27 transferring context: 773.06MB 98.5s done
#27 DONE 98.5s

#29 [frontend build-stage 2/6] WORKDIR /app
#29 CACHED

#30 [frontend build-stage 3/6] COPY package*.json ./
#30 CACHED

#31 [frontend build-stage 4/6] RUN npm install --legacy-peer-deps
#31 CACHED

#32 [frontend build-stage 5/6] COPY . .
#32 DONE 3.8s

#33 [frontend build-stage 6/6] RUN npm run build
#33 0.543 
#33 0.543 > mining-report-system-frontend@1.0.0 build
#33 0.543 > vite build
#33 0.543 
#33 0.751 vite v5.4.21 building for production...
#33 0.794 transforming...
#33 28.49 ✓ 3309 modules transformed.
#33 29.39 rendering chunks...
#33 30.88 [plugin:vite:reporter] [plugin vite:reporter] 
#33 30.88 (!) /app/src/auth/authApi.js is dynamically imported by /app/src/components/ReportStudioV2/lib/userBootstrap.js, /app/src/components/ReportStudioV2/lib/userMaintenanceStorage.js but also statically imported by /app/src/components/Auth/AuditCenter.jsx, /app/src/components/Auth/AuthGateway.jsx, dynamic import will not move module into another chunk.
#33 30.88 
#33 31.14 computing gzip size...
#33 31.36 dist/index.html                              0.85 kB │ gzip:     0.47 kB
#33 31.36 dist/assets/index-FcXnp2Pf.css              63.61 kB │ gzip:    16.61 kB
#33 31.36 dist/assets/html2canvas.esm-CBrSDip1.js    201.42 kB │ gzip:    48.03 kB
#33 31.36 dist/assets/index-DfsoD9Hu.js            8,050.83 kB │ gzip: 2,442.40 kB
#33 31.36 
#33 31.36 (!) Some chunks are larger than 500 kB after minification. Consider:
#33 31.36 - Using dynamic import() to code-split the application
#33 31.36 - Use build.rollupOptions.output.manualChunks to improve chunking: https://rollupjs.org/configuration-options/#output-manualchunks
#33 31.36 - Adjust chunk size limit for this warning via build.chunkSizeWarningLimit.
#33 31.36 ✓ built in 30.58s
#33 DONE 31.8s

#34 [frontend production-stage 2/3] COPY --from=build-stage /app/dist /usr/share/nginx/html
#34 CACHED

#35 [frontend production-stage 3/3] COPY nginx.conf /etc/nginx/conf.d/default.conf
#35 CACHED

#36 [frontend] exporting to image
#36 exporting layers done
#36 exporting manifest sha256:d5932427de3b1932510be1984a447668f70597e37cb039f4978227460e8d6405 done
#36 exporting config sha256:0bf34b0a8419b6f2aefdaa54b2c8ef904a9575fb6f685079d5b997c76b8e7c9c done
#36 exporting attestation manifest sha256:75206a379d9c808dc10a8cdc96c371e76b59a40c2127a3acb500981b2623b961 0.0s done
#36 exporting manifest list sha256:a4e92a1ee8e72a72d11b37a3a79b2dd985c5d2f1da4a6819a964728710bc886a done
#36 naming to docker.io/library/informecliente-frontend:latest done
#36 unpacking to docker.io/library/informecliente-frontend:latest done
#36 DONE 0.1s

#37 [frontend] resolving provenance for metadata file
#37 DONE 0.0s
 Image informecliente-frontend Built 
 Image informecliente-web Built 
 Container informecliente-tileserver-1 Creating 
 Container informecliente-db-1 Running 
 Container informecliente-web-1 Creating 
 Container informecliente-tileserver-1 Created 
 Container informecliente-web-1 Created 
 Container informecliente-frontend-1 Creating 
 Container informecliente-frontend-1 Created 
 Container informecliente-tileserver-1 Starting 
 Container informecliente-db-1 Waiting 
 Container informecliente-tileserver-1 Started 
 Container informecliente-db-1 Healthy 
 Container informecliente-web-1 Starting 
 Container informecliente-web-1 Started 
 Container informecliente-web-1 Waiting 
 Container informecliente-web-1 Error dependency web failed to start
dependency failed to start: container informecliente-web-1 is unhealthy
